2026-03-11 10:59:01 | Candidat ID: 1 | Session: 1 | Action: Non-respect des consignes - Sortie de la fenêtre d'examen | Total infractions: 1
2026-03-11 11:02:52 | Candidat ID: 15 | Session: 4 | Action: Non-respect des consignes - Sortie de la fenêtre d'examen | Total infractions: 1
2026-03-11 11:05:51 | Candidat ID: 2 | Session: 1 | Action: Non-respect des consignes - Sortie de la fenêtre d'examen | Total infractions: 1
2026-03-11 11:07:32 | Candidat ID: 2 | Session: 1 | Action: Non-respect des consignes - Sortie de la fenêtre d'examen | Total infractions: 2
2026-03-11 11:07:43 | Candidat ID: 2 | Session: 1 | Action: Non-respect des consignes - Sortie de la fenêtre d'examen | Total infractions: 3
2026-03-11 11:09:30 | Candidat ID: 11 | Session: 1 | Action: Non-respect des consignes - Sortie de la fenêtre d'examen | Total infractions: 1
2026-03-11 12:49:42 | Candidat ID: 3 | Session: 1 | Action: Non-respect des consignes - Sortie de la fenêtre d'examen | Total infractions: 1
2026-03-11 12:49:51 | Candidat ID: 3 | Session: 1 | Action: Non-respect des consignes - Sortie de la fenêtre d'examen | Total infractions: 2
2026-03-11 15:21:11 | Candidat ID: 18 | Session: 11 | Action: Non-respect des consignes - Sortie de la fenêtre d'examen | Total infractions: 1
2026-03-11 15:21:28 | Candidat ID: 18 | Session: 11 | Action: Non-respect des consignes - Sortie de la fenêtre d'examen | Total infractions: 2
2026-03-11 15:25:55 | Candidat ID: 19 | Session: 11 | Action: Non-respect des consignes - Sortie de la fenêtre d'examen | Total infractions: 1
2026-03-11 15:26:24 | Candidat ID: 19 | Session: 11 | Action: Non-respect des consignes - Sortie de la fenêtre d'examen | Total infractions: 2
2026-03-11 15:26:35 | Candidat ID: 19 | Session: 11 | Action: Non-respect des consignes - Clic droit interdit | Total infractions: 3
2026-03-11 16:07:15 | Candidat ID: 19 | Session: 1 | Action: Non-respect des consignes - Sortie de la fenêtre d'examen | Total infractions: 1
2026-03-11 16:07:21 | Candidat ID: 19 | Session: 1 | Action: Non-respect des consignes - Sortie de la fenêtre d'examen | Total infractions: 2
2026-03-11 16:07:27 | Candidat ID: 19 | Session: 1 | Action: Non-respect des consignes - Sortie de la fenêtre d'examen | Total infractions: 3
2026-03-12 11:00:26 | Candidat ID: 20 | Session: 1 | Action: Non-respect des consignes - Sortie de la fenêtre d'examen | Total infractions: 1
2026-03-12 12:57:11 | Candidat ID: 1 | Session: 12 | Action: Non-respect des consignes - Sortie de la fenêtre d'examen | Total infractions: 1
2026-03-12 12:58:25 | Candidat ID: 1 | Session: 12 | Action: Non-respect des consignes - Sortie de la fenêtre d'examen | Total infractions: 2
2026-03-12 13:00:48 | Candidat ID: 2 | Session: 12 | Action: Non-respect des consignes - Sortie de la fenêtre d'examen | Total infractions: 1
2026-03-12 13:00:56 | Candidat ID: 2 | Session: 12 | Action: Non-respect des consignes - Clic droit interdit | Total infractions: 2
2026-03-12 14:18:21 | Candidat ID: 1 | Session: 12 | Action: Non-respect des consignes - Sortie de la fenêtre d'examen | Total infractions: 1
2026-03-12 14:22:46 | Candidat ID: 1 | Session: 12 | Action: Non-respect des consignes - Changement de fenêtre/onglet | Total infractions: 2
2026-03-12 14:22:46 | Candidat ID: 1 | Session: 12 | Action: Non-respect des consignes - Sortie de la fenêtre d'examen | Total infractions: 3
2026-03-17 05:41:14 | Candidat ID: 1 | Session: 1 | Action: Sortie de la fenêtre d'examen | Total infractions: 1
2026-03-17 05:42:05 | Candidat ID: 1 | Session: 1 | Action: Sortie de la fenêtre d'examen | Total infractions: 2
2026-03-17 05:42:15 | Candidat ID: 1 | Session: 1 | Action: Sortie de la fenêtre d'examen | Total infractions: 3
2026-03-17 05:42:24 | Candidat ID: 1 | Session: 1 | Action: Sortie de la fenêtre d'examen | Total infractions: 4
2026-03-17 05:42:31 | Candidat ID: 1 | Session: 1 | Action: Changement de fenêtre/onglet | Total infractions: 5
2026-03-17 05:48:19 | Candidat ID: 1 | Session: 1 | Action: Sortie de la fenêtre d'examen | Total infractions: 6
2026-03-17 05:56:58 | Candidat ID: 2 | Session: 2 | Action: Sortie de la fenêtre d'examen | Total infractions: 1
2026-03-17 05:57:06 | Candidat ID: 2 | Session: 2 | Action: Changement de fenêtre/onglet | Total infractions: 2
2026-03-17 05:57:56 | Candidat ID: 2 | Session: 2 | Action: Clic droit interdit | Total infractions: 3
2026-03-17 05:58:14 | Candidat ID: 2 | Session: 2 | Action: Sortie de la fenêtre d'examen | Total infractions: 4
2026-03-17 06:00:37 | Candidat ID: 2 | Session: 2 | Action: Sortie de la fenêtre d'examen | Total infractions: 5
2026-03-17 06:11:07 | Candidat ID: 1 | Session: 1 | Action: Changement de fenêtre/onglet | Total infractions: 1
2026-03-17 06:16:36 | Candidat ID: 1 | Session: 1 | Action: Sortie de la fenêtre d'examen | Total infractions: 2
2026-03-17 06:20:29 | Candidat ID: 1 | Session: 1 | Action: Sortie de la fenêtre d'examen | Total infractions: 3
2026-03-17 09:22:22 | Candidat ID: 1 | Session: 1 | Action: Sortie de la fenêtre d'examen | Total infractions: 1
2026-03-17 09:22:29 | Candidat ID: 1 | Session: 1 | Action: Sortie de la fenêtre d'examen | Total infractions: 2
2026-03-17 09:22:32 | Candidat ID: 1 | Session: 1 | Action: Sortie de la fenêtre d'examen | Total infractions: 3
2026-03-17 09:22:38 | Candidat ID: 1 | Session: 1 | Action: Sortie de la fenêtre d'examen | Total infractions: 4
2026-03-17 09:22:53 | Candidat ID: 1 | Session: 1 | Action: Sortie de la fenêtre d'examen | Total infractions: 5
2026-03-17 09:27:43 | Candidat ID: 3 | Session: 2 | Action: Sortie de la fenêtre d'examen | Total infractions: 1
2026-03-17 09:35:35 | Candidat ID: 3 | Session: 2 | Action: Sortie de la fenêtre d'examen | Total infractions: 2
2026-03-17 09:42:49 | Candidat ID: 3 | Session: 2 | Action: Sortie de la fenêtre d'examen | Total infractions: 3
2026-03-17 09:42:52 | Candidat ID: 3 | Session: 2 | Action: Sortie de la fenêtre d'examen | Total infractions: 4
2026-03-17 09:42:55 | Candidat ID: 3 | Session: 2 | Action: Sortie de la fenêtre d'examen | Total infractions: 5
2026-03-17 12:58:34 | Candidat ID: 3 | Session: 1 | Action: Sortie de la fenêtre d'examen | Total infractions: 1
2026-03-17 12:59:02 | Candidat ID: 3 | Session: 1 | Action: Sortie de la fenêtre d'examen | Total infractions: 2
2026-03-17 13:10:47 | Candidat ID: 3 | Session: 1 | Action: Sortie de la fenêtre d'examen | Total infractions: 3
2026-03-17 13:10:51 | Candidat ID: 3 | Session: 1 | Action: Clic droit interdit | Total infractions: 4
2026-03-17 13:10:55 | Candidat ID: 3 | Session: 1 | Action: Sortie de la fenêtre d'examen | Total infractions: 5
2026-03-17 13:14:54 | Candidat ID: 7 | Session: 1 | Action: Sortie de la fenêtre d'examen | Total infractions: 1
2026-03-17 13:15:28 | Candidat ID: 7 | Session: 1 | Action: Sortie de la fenêtre d'examen | Total infractions: 2
2026-03-17 13:15:32 | Candidat ID: 7 | Session: 1 | Action: Sortie de la fenêtre d'examen | Total infractions: 3
2026-03-17 13:15:42 | Candidat ID: 7 | Session: 1 | Action: Sortie de la fenêtre d'examen | Total infractions: 4
2026-03-17 13:15:47 | Candidat ID: 7 | Session: 1 | Action: Sortie de la fenêtre d'examen | Total infractions: 5
2026-03-17 14:01:11 | Candidat ID: 18 | Session: 1 | Action: Sortie de la fenêtre d'examen | Total infractions: 1
2026-03-17 14:01:20 | Candidat ID: 18 | Session: 1 | Action: Sortie de la fenêtre d'examen | Total infractions: 2
2026-03-17 14:01:32 | Candidat ID: 18 | Session: 1 | Action: Sortie de la fenêtre d'examen | Total infractions: 3
2026-03-17 14:01:34 | Candidat ID: 18 | Session: 1 | Action: Sortie de la fenêtre d'examen | Total infractions: 4
2026-03-17 14:01:37 | Candidat ID: 18 | Session: 1 | Action: Sortie de la fenêtre d'examen | Total infractions: 5
2026-03-17 14:02:44 | Candidat ID: 17 | Session: 18 | Action: Sortie de la fenêtre d'examen | Total infractions: 1
2026-03-17 14:02:51 | Candidat ID: 17 | Session: 18 | Action: Sortie de la fenêtre d'examen | Total infractions: 2
2026-03-17 14:03:02 | Candidat ID: 17 | Session: 18 | Action: Sortie de la fenêtre d'examen | Total infractions: 3
2026-03-17 14:03:05 | Candidat ID: 17 | Session: 18 | Action: Sortie de la fenêtre d'examen | Total infractions: 4
2026-03-17 14:07:20 | Candidat ID: 17 | Session: 18 | Action: Changement de fenêtre/onglet | Total infractions: 5
2026-03-18 12:43:16 | Candidat ID: 1 | Session: 1 | Action: Sortie de la fenêtre d'examen | Total infractions: 1
2026-03-18 12:43:20 | Candidat ID: 1 | Session: 1 | Action: Sortie de la fenêtre d'examen | Total infractions: 2
2026-03-18 12:43:23 | Candidat ID: 1 | Session: 1 | Action: Clic droit interdit | Total infractions: 3
2026-03-18 12:43:26 | Candidat ID: 1 | Session: 1 | Action: Sortie de la fenêtre d'examen | Total infractions: 4
2026-03-18 12:43:31 | Candidat ID: 1 | Session: 1 | Action: Clic droit interdit | Total infractions: 5
2026-03-18 15:44:03 | Candidat ID: 5 | Session: 101 | Action: Sortie de la fenêtre d'examen | Total infractions: 1
2026-03-18 15:47:27 | Candidat ID: 25 | Session: 18 | Action: Sortie de la fenêtre d'examen | Total infractions: 1
2026-03-18 15:47:30 | Candidat ID: 25 | Session: 18 | Action: Changement de fenêtre/onglet | Total infractions: 2
2026-03-18 16:04:22 | Candidat ID: 25 | Session: 1 | Action: Sortie de la fenêtre d'examen | Total infractions: 1
2026-03-18 16:46:47 | Candidat ID: 7 | Session: 10 | Action: Sortie de la fenêtre d'examen | Total infractions: 1
2026-03-18 16:49:30 | Candidat ID: 7 | Session: 11 | Action: Sortie de la fenêtre d'examen | Total infractions: 1
2026-03-18 16:51:09 | Candidat ID: 7 | Session: 11 | Action: Sortie de la fenêtre d'examen | Total infractions: 2
2026-03-18 16:51:16 | Candidat ID: 7 | Session: 11 | Action: Sortie de la fenêtre d'examen | Total infractions: 3
2026-03-18 16:51:23 | Candidat ID: 7 | Session: 11 | Action: Sortie de la fenêtre d'examen | Total infractions: 4
2026-03-18 16:51:30 | Candidat ID: 7 | Session: 11 | Action: Sortie de la fenêtre d'examen | Total infractions: 5
2026-03-18 17:04:23 | Candidat ID: 8 | Session: 12 | Action: Sortie de la fenêtre d'examen | Total infractions: 1
2026-03-18 17:06:26 | Candidat ID: 8 | Session: 12 | Action: Sortie de la fenêtre d'examen | Total infractions: 2
2026-03-18 17:06:29 | Candidat ID: 8 | Session: 12 | Action: Sortie de la fenêtre d'examen | Total infractions: 3
2026-03-18 17:10:47 | Candidat ID: 8 | Session: 11 | Action: Sortie de la fenêtre d'examen | Total infractions: 1
2026-03-18 22:18:09 | Candidat ID: 5 | Session: 1 | Action: Sortie de la fenêtre d'examen | Total infractions: 1
2026-03-18 22:36:54 | Candidat ID: 7 | Session: 13 | Action: Sortie de la fenêtre d'examen | Total infractions: 1
2026-03-18 22:37:03 | Candidat ID: 7 | Session: 13 | Action: Clic droit interdit | Total infractions: 2
2026-03-18 23:13:27 | Candidat ID: 6 | Session: 11 | Action: Sortie de la fenêtre d'examen | Total infractions: 1
2026-03-18 23:14:51 | Candidat ID: 10 | Session: 20 | Action: Sortie de la fenêtre d'examen | Total infractions: 1
2026-03-19 09:30:32 | Candidat ID: 1 | Session: 1 | Action: Sortie de la fenêtre d'examen | Total infractions: 1
2026-03-19 09:33:32 | Candidat ID: 6 | Session: 11 | Action: Clic droit interdit | Total infractions: 1
2026-03-19 09:33:35 | Candidat ID: 6 | Session: 11 | Action: Clic droit interdit | Total infractions: 2
2026-03-19 09:55:22 | Candidat ID: 1 | Session: 1 | Action: Sortie de la fenêtre d'examen | Total infractions: 1
2026-03-19 09:55:26 | Candidat ID: 1 | Session: 1 | Action: Sortie de la fenêtre d'examen | Total infractions: 2
2026-03-19 16:21:00 | Candidat ID: 5 | Session: 1 | Action: Sortie de la fenêtre d'examen | Total infractions: 1
2026-03-19 16:21:33 | Candidat ID: 5 | Session: 1 | Action: Sortie de la fenêtre d'examen | Total infractions: 2
2026-03-19 16:49:49 | Candidat ID: 8 | Session: 10 | Action: Clic droit interdit | Total infractions: 1
2026-03-19 17:18:27 | Candidat ID: 8 | Session: 11 | Action: Sortie de la fenêtre d'examen | Total infractions: 1
2026-03-19 17:18:32 | Candidat ID: 8 | Session: 11 | Action: Sortie de la fenêtre d'examen | Total infractions: 2
2026-03-19 17:18:55 | Candidat ID: 8 | Session: 11 | Action: Sortie de la fenêtre d'examen | Total infractions: 3
2026-03-23 11:22:48 | Candidat ID: 9 | Session: 11 | Action: Changement de fenêtre/onglet | Total infractions: 1
2026-03-23 11:24:49 | Candidat ID: 9 | Session: 11 | Action: Sortie de la fenêtre d'examen | Total infractions: 2
2026-03-23 11:25:17 | Candidat ID: 9 | Session: 11 | Action: Sortie de la fenêtre d'examen | Total infractions: 3
2026-03-23 20:53:41 | Candidat ID: 9 | Session: 11 | Action: Sortie de la fenêtre d'examen | Total infractions: 4
2026-03-23 20:54:54 | Candidat ID: 9 | Session: 11 | Action: Sortie de la fenêtre d'examen | Total infractions: 5
2026-03-24 13:05:25 | Candidat ID: 7 | Session: 11 | Action: Sortie de la fenêtre d'examen | Total infractions: 1
2026-03-24 13:14:27 | Candidat ID: 7 | Session: 11 | Action: Sortie de la fenêtre d'examen | Total infractions: 2
2026-03-24 13:28:21 | Candidat ID: 7 | Session: 11 | Action: Sortie de la fenêtre d'examen | Total infractions: 3
2026-03-24 13:37:17 | Candidat ID: 7 | Session: 11 | Action: Sortie de la fenêtre d'examen | Total infractions: 4
2026-03-24 13:53:59 | Candidat ID: 7 | Session: 11 | Action: Changement de fenêtre/onglet | Total infractions: 5
2026-03-24 17:00:04 | Candidat ID: 24 | Session: 48 | Action: Sortie de la fenêtre d'examen | Total infractions: 1
2026-03-25 16:25:56 | Candidat ID: 1 | Session: 51 | Action: Sortie de la fenêtre d'examen | Total infractions: 1
2026-03-25 16:28:27 | Candidat ID: 1 | Session: 51 | Action: Sortie de la fenêtre d'examen | Total infractions: 2
2026-03-25 23:12:12 | Candidat ID: 1 | Session: 51 | Action: Sortie de la fenêtre d'examen | Total infractions: 1
2026-03-25 23:21:34 | Candidat ID: 3 | Session: 48 | Action: Sortie de la fenêtre d'examen | Total infractions: 1
2026-03-25 23:33:30 | Candidat ID: 3 | Session: 49 | Action: Infraction détectée | Total infractions: 1
2026-03-25 23:33:56 | Candidat ID: 3 | Session: 49 | Action: Infraction détectée | Total infractions: 2
2026-03-25 23:33:57 | Candidat ID: 3 | Session: 49 | Action: Infraction détectée | Total infractions: 3
2026-03-25 23:36:34 | Candidat ID: 3 | Session: 49 | Action: Infraction détectée | Total infractions: 4
2026-03-26 00:14:01 | Candidat ID: 4 | Session: 48 | Action: Clic droit interdit | Total infractions: 1
2026-03-26 00:14:45 | Candidat ID: 4 | Session: 48 | Action: Sortie de la fenêtre d'examen | Total infractions: 2
2026-03-26 00:14:48 | Candidat ID: 4 | Session: 48 | Action: Sortie de la fenêtre d'examen | Total infractions: 3
2026-03-26 00:14:53 | Candidat ID: 4 | Session: 48 | Action: Sortie de la fenêtre d'examen | Total infractions: 4
2026-03-26 00:23:06 | Candidat ID: 4 | Session: 49 | Action: Infraction détectée | Total infractions: 1
2026-03-26 00:23:06 | Candidat ID: 4 | Session: 49 | Action: Infraction détectée | Total infractions: 2
2026-03-26 00:25:21 | Candidat ID: 4 | Session: 49 | Action: Infraction détectée | Total infractions: 3
2026-03-26 13:09:21 | Candidat ID: 9 | Session: 2 | Action: Sortie de la fenêtre d'examen | Total infractions: 1
2026-03-26 13:09:27 | Candidat ID: 9 | Session: 2 | Action: Sortie de la fenêtre d'examen | Total infractions: 2
2026-03-26 13:09:34 | Candidat ID: 9 | Session: 2 | Action: Clic droit interdit | Total infractions: 3
2026-03-26 13:10:09 | Candidat ID: 9 | Session: 2 | Action: Sortie de la fenêtre d'examen | Total infractions: 4
2026-03-26 13:27:32 | Candidat ID: 6 | Session: 49 | Action: Infraction détectée | Total infractions: 1
2026-03-26 13:27:44 | Candidat ID: 6 | Session: 49 | Action: Infraction détectée | Total infractions: 2
2026-03-26 13:34:27 | Candidat ID: 6 | Session: 49 | Action: Infraction détectée | Total infractions: 3
2026-03-26 17:13:34 | Candidat ID: 8 | Session: 1 | Action: Clic droit interdit | Total infractions: 1
2026-03-26 17:18:26 | Candidat ID: 7 | Session: 49 | Action: Infraction détectée | Total infractions: 1
2026-03-26 17:18:26 | Candidat ID: 7 | Session: 49 | Action: Infraction détectée | Total infractions: 2
2026-03-26 17:22:51 | Candidat ID: 7 | Session: 49 | Action: Infraction détectée | Total infractions: 3
2026-03-27 13:59:06 | Candidat ID: 5 | Session: 48 | Action: Sortie de la fenêtre d'examen | Total infractions: 1
2026-03-27 14:01:41 | Candidat ID: 5 | Session: 49 | Action: Infraction détectée | Total infractions: 1
2026-03-27 14:42:50 | Candidat ID: 3 | Session: 11 | Action: Infraction détectée | Total infractions: 1
2026-03-27 14:42:51 | Candidat ID: 3 | Session: 11 | Action: Infraction détectée | Total infractions: 2
2026-03-27 14:43:02 | Candidat ID: 3 | Session: 11 | Action: Infraction détectée | Total infractions: 3
2026-03-27 14:46:53 | Candidat ID: 3 | Session: 11 | Action: Infraction détectée | Total infractions: 4
2026-03-27 14:54:24 | Candidat ID: 3 | Session: 11 | Action: Infraction détectée | Total infractions: 5
2026-03-27 16:43:52 | Candidat ID: 3 | Session: 48 | Action: Sortie de la fenêtre d'examen | Total infractions: 1
2026-03-27 16:44:13 | Candidat ID: 3 | Session: 48 | Action: Sortie de la fenêtre d'examen | Total infractions: 2
2026-03-27 16:46:32 | Candidat ID: 3 | Session: 49 | Action: Infraction détectée | Total infractions: 1
2026-03-27 16:46:33 | Candidat ID: 3 | Session: 49 | Action: Infraction détectée | Total infractions: 2
2026-03-27 16:49:53 | Candidat ID: 3 | Session: 49 | Action: Infraction détectée | Total infractions: 3
2026-03-27 16:49:55 | Candidat ID: 3 | Session: 49 | Action: Infraction détectée | Total infractions: 4
2026-03-27 16:59:08 | Candidat ID: 3 | Session: 49 | Action: Infraction détectée | Total infractions: 5
2026-04-06 12:26:47 | Candidat ID: 11 | Session: 57 | Action: Sortie de la fenêtre d'examen | Total infractions: 1
2026-04-06 12:31:50 | Candidat ID: 11 | Session: 57 | Action: Changement de fenêtre/onglet | Total infractions: 2
2026-04-06 12:41:42 | Candidat ID: 10 | Session: 57 | Action: Sortie de la fenêtre d'examen | Total infractions: 1
2026-04-06 12:41:52 | Candidat ID: 10 | Session: 57 | Action: Sortie de la fenêtre d'examen | Total infractions: 2
2026-04-06 12:42:40 | Candidat ID: 10 | Session: 57 | Action: Sortie de la fenêtre d'examen | Total infractions: 3
2026-04-06 12:42:48 | Candidat ID: 10 | Session: 57 | Action: Sortie de la fenêtre d'examen | Total infractions: 4
2026-04-06 12:42:53 | Candidat ID: 10 | Session: 57 | Action: Sortie de la fenêtre d'examen | Total infractions: 5
2026-04-06 13:02:45 | Candidat ID: 17 | Session: 61 | Action: Sortie de la fenêtre d'examen | Total infractions: 1
2026-04-06 13:03:04 | Candidat ID: 16 | Session: 61 | Action: Sortie de la fenêtre d'examen | Total infractions: 1
2026-04-06 13:03:34 | Candidat ID: 16 | Session: 61 | Action: Sortie de la fenêtre d'examen | Total infractions: 2
2026-04-06 13:10:41 | Candidat ID: 8 | Session: 58 | Action: Sortie de la fenêtre d'examen | Total infractions: 1
2026-04-06 13:10:47 | Candidat ID: 12 | Session: 58 | Action: Sortie de la fenêtre d'examen | Total infractions: 1
2026-04-06 13:10:52 | Candidat ID: 8 | Session: 58 | Action: Sortie de la fenêtre d'examen | Total infractions: 2
2026-04-06 13:20:58 | Candidat ID: 8 | Session: 59 | Action: Infraction détectée | Total infractions: 1
2026-04-06 13:33:30 | Candidat ID: 12 | Session: 59 | Action: Infraction détectée | Total infractions: 1
2026-04-06 22:55:06 | Candidat ID: 12 | Session: 58 | Action: Sortie de la fenêtre d'examen | Total infractions: 1
2026-04-06 22:55:30 | Candidat ID: 12 | Session: 58 | Action: Sortie de la fenêtre d'examen | Total infractions: 2
2026-04-06 22:57:26 | Candidat ID: 8 | Session: 58 | Action: Sortie de la fenêtre d'examen | Total infractions: 1
2026-04-06 22:59:38 | Candidat ID: 8 | Session: 49 | Action: Infraction détectée | Total infractions: 1
2026-04-06 22:59:40 | Candidat ID: 8 | Session: 49 | Action: Infraction détectée | Total infractions: 2
2026-04-06 23:00:21 | Candidat ID: 8 | Session: 49 | Action: Infraction détectée | Total infractions: 3
2026-04-06 23:00:21 | Candidat ID: 8 | Session: 49 | Action: Infraction détectée | Total infractions: 4
2026-04-06 23:00:48 | Candidat ID: 8 | Session: 49 | Action: Infraction détectée | Total infractions: 5
2026-04-06 23:00:49 | Candidat ID: 8 | Session: 49 | Action: Infraction détectée | Total infractions: 6
2026-04-06 23:01:30 | Candidat ID: 12 | Session: 59 | Action: Infraction détectée | Total infractions: 1
2026-04-06 23:33:11 | Candidat ID: 12 | Session: 58 | Action: Sortie de la fenêtre d'examen | Total infractions: 3
2026-04-06 23:33:18 | Candidat ID: 12 | Session: 58 | Action: Sortie de la fenêtre d'examen | Total infractions: 4
2026-04-06 23:33:19 | Candidat ID: 8 | Session: 58 | Action: Sortie de la fenêtre d'examen | Total infractions: 2
2026-04-06 23:34:01 | Candidat ID: 12 | Session: 58 | Action: Sortie de la fenêtre d'examen | Total infractions: 5
2026-04-06 23:35:21 | Candidat ID: 8 | Session: 58 | Action: Sortie de la fenêtre d'examen | Total infractions: 3
2026-04-06 23:36:30 | Candidat ID: 8 | Session: 58 | Action: Sortie de la fenêtre d'examen | Total infractions: 4
2026-04-06 23:36:33 | Candidat ID: 8 | Session: 58 | Action: Changement de fenêtre/onglet | Total infractions: 5
2026-04-06 23:45:26 | Candidat ID: 13 | Session: 59 | Action: Infraction détectée | Total infractions: 1
2026-04-07 11:41:49 | Candidat ID: 12 | Session: 59 | Action: Infraction détectée | Total infractions: 1
2026-04-07 11:43:31 | Candidat ID: 6 | Session: 59 | Action: Infraction détectée | Total infractions: 1
2026-04-07 11:44:17 | Candidat ID: 12 | Session: 59 | Action: Infraction détectée | Total infractions: 2
2026-04-07 11:46:00 | Candidat ID: 12 | Session: 59 | Action: Infraction détectée | Total infractions: 3
2026-04-07 12:00:20 | Candidat ID: 6 | Session: 59 | Action: Infraction détectée | Total infractions: 2
2026-04-07 12:01:18 | Candidat ID: 6 | Session: 59 | Action: Infraction détectée | Total infractions: 3
2026-04-07 12:01:26 | Candidat ID: 12 | Session: 59 | Action: Infraction détectée | Total infractions: 4
2026-04-07 12:26:17 | Candidat ID: 12 | Session: 58 | Action: Sortie de la fenêtre d'examen | Total infractions: 1
2026-04-07 12:26:19 | Candidat ID: 12 | Session: 58 | Action: Clic droit interdit | Total infractions: 2
2026-04-07 12:28:16 | Candidat ID: 12 | Session: 59 | Action: Infraction détectée | Total infractions: 1
2026-04-07 12:28:20 | Candidat ID: 12 | Session: 59 | Action: Infraction détectée | Total infractions: 2
2026-04-07 12:28:40 | Candidat ID: 12 | Session: 59 | Action: Infraction détectée | Total infractions: 3
2026-04-07 12:29:41 | Candidat ID: 6 | Session: 59 | Action: Infraction détectée | Total infractions: 1
2026-04-07 17:08:03 | Candidat ID: 6 | Session: 70 | Action: Infraction détectée | Total infractions: 1
2026-04-07 17:08:03 | Candidat ID: 6 | Session: 70 | Action: Infraction détectée | Total infractions: 2
2026-04-07 17:08:14 | Candidat ID: 6 | Session: 70 | Action: Infraction détectée | Total infractions: 3
2026-04-07 17:10:59 | Candidat ID: 6 | Session: 70 | Action: Infraction détectée | Total infractions: 4
2026-04-08 15:07:19 | Candidat ID: 6 | Session: 75 | Action: Sortie de la fenêtre d'examen | Total infractions: 1
2026-04-08 15:08:12 | Candidat ID: 6 | Session: 75 | Action: Sortie de la fenêtre d'examen | Total infractions: 2
2026-04-09 11:49:15 | Candidat ID: 1 | Session: 48 | Action: Sortie de la fenêtre d'examen | Total infractions: 1
2026-04-09 11:50:17 | Candidat ID: 25 | Session: 48 | Action: Sortie de la fenêtre d'examen | Total infractions: 1
2026-04-09 11:53:26 | Candidat ID: 25 | Session: 49 | Action: Infraction détectée | Total infractions: 1
2026-04-09 11:53:27 | Candidat ID: 25 | Session: 49 | Action: Infraction détectée | Total infractions: 2
2026-04-09 11:53:48 | Candidat ID: 1 | Session: 49 | Action: Infraction détectée | Total infractions: 1
2026-04-09 11:54:26 | Candidat ID: 25 | Session: 49 | Action: Infraction détectée | Total infractions: 3
2026-04-09 11:54:26 | Candidat ID: 25 | Session: 49 | Action: Infraction détectée | Total infractions: 4
2026-04-09 11:55:09 | Candidat ID: 25 | Session: 49 | Action: Infraction détectée | Total infractions: 5
2026-04-09 11:55:37 | Candidat ID: 25 | Session: 49 | Action: Infraction détectée | Total infractions: 6
2026-04-09 13:16:50 | Candidat ID: 31 | Session: 87 | Action: Infraction détectée | Total infractions: 1
2026-04-09 13:39:59 | Candidat ID: 29 | Session: 85 | Action: Sortie de la fenêtre d'examen | Total infractions: 1
2026-04-16 18:38:33 | Candidat ID: 15 | Session: 4 | Action: Sortie de la fenêtre d'examen | Total infractions: 1
2026-04-16 18:38:39 | Candidat ID: 15 | Session: 4 | Action: Sortie de la fenêtre d'examen | Total infractions: 2
2026-04-16 18:39:35 | Candidat ID: 15 | Session: 4 | Action: Clic droit interdit | Total infractions: 3
2026-04-16 19:34:53 | Candidat ID: 3 | Session: 8 | Action: Clic droit interdit | Total infractions: 1
2026-04-16 19:35:01 | Candidat ID: 3 | Session: 8 | Action: Sortie de la fenêtre d'examen | Total infractions: 2
2026-04-16 19:35:15 | Candidat ID: 3 | Session: 8 | Action: Clic droit interdit | Total infractions: 3
2026-04-17 08:49:09 | Candidat ID: 8 | Session: 2 | Action: Sortie de la fenêtre d'examen | Total infractions: 1
2026-04-17 09:14:14 | Candidat ID: 8 | Session: 3 | Action: Infraction détectée | Total infractions: 1
2026-04-17 10:11:04 | Candidat ID: 8 | Session: 3 | Action: Infraction détectée | Total infractions: 2
2026-04-17 10:14:10 | Candidat ID: 8 | Session: 3 | Action: Infraction détectée | Total infractions: 1
2026-04-17 11:06:43 | Candidat ID: 8 | Session: 3 | Action: Infraction détectée | Total infractions: 1
2026-04-17 11:06:44 | Candidat ID: 8 | Session: 3 | Action: Infraction détectée | Total infractions: 2
2026-04-17 11:08:17 | Candidat ID: 8 | Session: 3 | Action: Infraction détectée | Total infractions: 3
